<?xml version="1.0" encoding="UTF-8"?>
<testsuite xmlns:xsi="http://www.w3.org/2001/XMLSchema-instance" xsi:noNamespaceSchemaLocation="https://maven.apache.org/surefire/maven-surefire-plugin/xsd/surefire-test-report.xsd" version="3.0.2" name="com.sbvia.backend.controller.AuthControllerTest" time="67.81" tests="5" errors="0" skipped="0" failures="0">
  <properties>
[...]
</properties>
  <testcase name="loginExitoso" classname="com.sbvia.backend.controller.AuthControllerTest" time="4.319">
    <system-out><![CDATA[14:01:48.010 [main] INFO org.springframework.test.context.support.AnnotationConfigContextLoaderUtils -- Could not detect default configuration classes for test class [com.sbvia.backend.controller.AuthControllerTest]: AuthControllerTest does not declare any static, non-private, non-final, nested classes annotated with @Configuration.
14:01:49.807 [main] INFO org.springframework.boot.test.context.SpringBootTestContextBootstrapper -- Found @SpringBootConfiguration com.sbvia.backend.SbviaApplication for test class com.sbvia.backend.controller.AuthControllerTest

  .   ____          _            __ _ _
 /\\ / ___'_ __ _ _(_)_ __  __ _ \ \ \ \
( ( )\___ | '_ | '_| | '_ \/ _` | \ \ \ \
 \\/  ___)| |_)| | | | | || (_| |  ) ) ) )
  '  |____| .__|_| |_|_| |_\__, | / / / /
 =========|_|==============|___/=/_/_/_/

 :: Spring Boot ::                (v3.4.1)

2026-06-26T14:01:53.954Z  INFO 98 --- [           main] c.s.b.controller.AuthControllerTest      : Starting AuthControllerTest using Java 21.0.3 with PID 98 (started by root in /app)
2026-06-26T14:01:53.960Z  INFO 98 --- [           main] c.s.b.controller.AuthControllerTest      : The following 1 profile is active: "test"
2026-06-26T14:02:06.402Z  INFO 98 --- [           main] .s.d.r.c.RepositoryConfigurationDelegate : Multiple Spring Data modules found, entering strict repository configuration mode
2026-06-26T14:02:06.415Z  INFO 98 --- [           main] .s.d.r.c.RepositoryConfigurationDelegate : Bootstrapping Spring Data JPA repositories in DEFAULT mode.
2026-06-26T14:02:07.647Z  INFO 98 --- [           main] .s.d.r.c.RepositoryConfigurationDelegate : Finished Spring Data repository scanning in 1153 ms. Found 2 JPA repository interfaces.
2026-06-26T14:02:07.782Z  INFO 98 --- [           main] .s.d.r.c.RepositoryConfigurationDelegate : Multiple Spring Data modules found, entering strict repository configuration mode
2026-06-26T14:02:07.795Z  INFO 98 --- [           main] .s.d.r.c.RepositoryConfigurationDelegate : Bootstrapping Spring Data Redis repositories in DEFAULT mode.
2026-06-26T14:02:07.993Z  INFO 98 --- [           main] .RepositoryConfigurationExtensionSupport : Spring Data Redis - Could not safely identify store assignment for repository candidate interface com.sbvia.backend.repository.EscenarioRepository; If you want this repository to be a Redis repository, consider annotating your entities with one of these annotations: org.springframework.data.redis.core.RedisHash (preferred), or consider extending one of the following types with your repository: org.springframework.data.keyvalue.repository.KeyValueRepository
2026-06-26T14:02:07.994Z  INFO 98 --- [           main] .RepositoryConfigurationExtensionSupport : Spring Data Redis - Could not safely identify store assignment for repository candidate interface com.sbvia.backend.repository.UsuarioRepository; If you want this repository to be a Redis repository, consider annotating your entities with one of these annotations: org.springframework.data.redis.core.RedisHash (preferred), or consider extending one of the following types with your repository: org.springframework.data.keyvalue.repository.KeyValueRepository
2026-06-26T14:02:07.994Z  INFO 98 --- [           main] .s.d.r.c.RepositoryConfigurationDelegate : Finished Spring Data repository scanning in 137 ms. Found 0 Redis repository interfaces.
2026-06-26T14:02:19.748Z  INFO 98 --- [           main] o.hibernate.jpa.internal.util.LogHelper  : HHH000204: Processing PersistenceUnitInfo [name: default]
2026-06-26T14:02:20.545Z  INFO 98 --- [           main] org.hibernate.Version                    : HHH000412: Hibernate ORM core version 6.6.4.Final
2026-06-26T14:02:20.957Z  INFO 98 --- [           main] o.h.c.internal.RegionFactoryInitiator    : HHH000026: Second-level cache disabled
2026-06-26T14:02:22.917Z  INFO 98 --- [           main] o.s.o.j.p.SpringPersistenceUnitInfo      : No LoadTimeWeaver setup: ignoring JPA class transformer
2026-06-26T14:02:23.229Z  INFO 98 --- [           main] com.zaxxer.hikari.HikariDataSource       : HikariPool-1 - Starting...
2026-06-26T14:02:25.204Z  INFO 98 --- [           main] com.zaxxer.hikari.pool.HikariPool        : HikariPool-1 - Added connection conn0: url=jdbc:h2:mem:testdb user=SA
2026-06-26T14:02:25.304Z  INFO 98 --- [           main] com.zaxxer.hikari.HikariDataSource       : HikariPool-1 - Start completed.
2026-06-26T14:02:25.821Z  WARN 98 --- [           main] org.hibernate.orm.deprecation            : HHH90000025: H2Dialect does not need to be specified explicitly using 'hibernate.dialect' (remove the property setting and it will be selected by default)
2026-06-26T14:02:25.988Z  INFO 98 --- [           main] org.hibernate.orm.connections.pooling    : HHH10001005: Database info:
	Database JDBC URL [Connecting through datasource 'HikariDataSource (HikariPool-1)']
	Database driver: undefined/unknown
	Database version: 2.3.232
	Autocommit mode: undefined/unknown
	Isolation level: undefined/unknown
	Minimum pool size: undefined/unknown
	Maximum pool size: undefined/unknown
2026-06-26T14:02:31.828Z  INFO 98 --- [           main] o.h.e.t.j.p.i.JtaPlatformInitiator       : HHH000489: No JTA platform available (set 'hibernate.transaction.jta.platform' to enable JTA platform integration)
Hibernate: 
    drop table if exists public.escenarios cascade 
Hibernate: 
    drop table if exists public.usuarios cascade 
Hibernate: 
    create table public.escenarios (
        activo boolean not null,
        nivel_dificultad integer not null,
        actualizado_en timestamp(6) with time zone not null,
        creado_en timestamp(6) with time zone not null,
        id bigint generated by default as identity,
        clima varchar(50) not null,
        densidad_trafico varchar(50) not null,
        tipo_via varchar(50) not null,
        nombre varchar(150) not null,
        descripcion TEXT,
        primary key (id)
    )
Hibernate: 
    create table public.usuarios (
        activo boolean not null,
        actualizado_en timestamp(6) with time zone not null,
        creado_en timestamp(6) with time zone not null,
        id bigint generated by default as identity,
        apellido varchar(100) not null,
        nombre varchar(100) not null,
        email varchar(255) not null unique,
        password_hash varchar(255) not null,
        rol enum ('ROLE_ADMIN','ROLE_INSTRUCTOR','ROLE_USER') not null,
        primary key (id)
    )
2026-06-26T14:02:32.070Z  INFO 98 --- [           main] j.LocalContainerEntityManagerFactoryBean : Initialized JPA EntityManagerFactory for persistence unit 'default'
2026-06-26T14:02:35.293Z  INFO 98 --- [           main] eAuthenticationProviderManagerConfigurer : Global AuthenticationManager configured with AuthenticationProvider bean with name authenticationProvider
2026-06-26T14:02:35.293Z  WARN 98 --- [           main] r$InitializeUserDetailsManagerConfigurer : Global AuthenticationManager configured with an AuthenticationProvider bean. UserDetailsService beans will not be used by Spring Security for automatically configuring username/password login. Consider removing the AuthenticationProvider bean. Alternatively, consider using the UserDetailsService in a manually instantiated DaoAuthenticationProvider. If the current configuration is intentional, to turn off this warning, increase the logging level of 'org.springframework.security.config.annotation.authentication.configuration.InitializeUserDetailsBeanManagerConfigurer' to ERROR
2026-06-26T14:02:42.740Z  INFO 98 --- [           main] o.s.b.a.e.web.EndpointLinksResolver      : Exposing 3 endpoints beneath base path '/actuator'
2026-06-26T14:02:47.120Z  INFO 98 --- [           main] o.s.b.t.m.w.SpringBootMockServletContext : Initializing Spring TestDispatcherServlet ''
2026-06-26T14:02:47.120Z  INFO 98 --- [           main] o.s.t.web.servlet.TestDispatcherServlet  : Initializing Servlet ''
2026-06-26T14:02:47.122Z  INFO 98 --- [           main] o.s.t.web.servlet.TestDispatcherServlet  : Completed initialization in 2 ms
2026-06-26T14:02:47.417Z  INFO 98 --- [           main] c.s.b.controller.AuthControllerTest      : Started AuthControllerTest in 55.939 seconds (process running for 63.096)
Hibernate: 
    select
        u1_0.id,
        u1_0.activo,
        u1_0.actualizado_en,
        u1_0.apellido,
        u1_0.creado_en,
        u1_0.email,
        u1_0.nombre,
        u1_0.password_hash,
        u1_0.rol 
    from
        public.usuarios u1_0
Hibernate: 
    insert 
    into
        public.usuarios
        (activo, actualizado_en, apellido, creado_en, email, nombre, password_hash, rol, id) 
    values
        (?, ?, ?, ?, ?, ?, ?, ?, default)
Hibernate: 
    select
        u1_0.id,
        u1_0.activo,
        u1_0.actualizado_en,
        u1_0.apellido,
        u1_0.creado_en,
        u1_0.email,
        u1_0.nombre,
        u1_0.password_hash,
        u1_0.rol 
    from
        public.usuarios u1_0 
    where
        u1_0.email=?
Hibernate: 
    select
        u1_0.id,
        u1_0.activo,
        u1_0.actualizado_en,
        u1_0.apellido,
        u1_0.creado_en,
        u1_0.email,
        u1_0.nombre,
        u1_0.password_hash,
        u1_0.rol 
    from
        public.usuarios u1_0 
    where
        u1_0.email=?
]]></system-out>
    <system-err><![CDATA[Mockito is currently self-attaching to enable the inline-mock-maker. This will no longer work in future releases of the JDK. Please add Mockito as an agent to your build what is described in Mockito's documentation: https://javadoc.io/doc/org.mockito/mockito-core/latest/org/mockito/Mockito.html#0.3
WARNING: A Java agent has been loaded dynamically (/root/.m2/repository/net/bytebuddy/byte-buddy-agent/1.15.11/byte-buddy-agent-1.15.11.jar)
WARNING: If a serviceability tool is in use, please run with -XX:+EnableDynamicAgentLoading to hide this warning
WARNING: If a serviceability tool is not in use, please run with -Djdk.instrument.traceUsage for more information
WARNING: Dynamic loading of agents will be disallowed by default in a future release
]]></system-err>
  </testcase>
  <testcase name="accesoSinToken" classname="com.sbvia.backend.controller.AuthControllerTest" time="0.358">
    <system-out><![CDATA[Hibernate: 
    select
        u1_0.id,
        u1_0.activo,
        u1_0.actualizado_en,
        u1_0.apellido,
        u1_0.creado_en,
        u1_0.email,
        u1_0.nombre,
        u1_0.password_hash,
        u1_0.rol 
    from
        public.usuarios u1_0
Hibernate: 
    insert 
    into
        public.usuarios
        (activo, actualizado_en, apellido, creado_en, email, nombre, password_hash, rol, id) 
    values
        (?, ?, ?, ?, ?, ?, ?, ?, default)
]]></system-out>
  </testcase>
  <testcase name="loginClaveIncorrecta" classname="com.sbvia.backend.controller.AuthControllerTest" time="0.687">
    <system-out><![CDATA[Hibernate: 
    select
        u1_0.id,
        u1_0.activo,
        u1_0.actualizado_en,
        u1_0.apellido,
        u1_0.creado_en,
        u1_0.email,
        u1_0.nombre,
        u1_0.password_hash,
        u1_0.rol 
    from
        public.usuarios u1_0
Hibernate: 
    insert 
    into
        public.usuarios
        (activo, actualizado_en, apellido, creado_en, email, nombre, password_hash, rol, id) 
    values
        (?, ?, ?, ?, ?, ?, ?, ?, default)
Hibernate: 
    select
        u1_0.id,
        u1_0.activo,
        u1_0.actualizado_en,
        u1_0.apellido,
        u1_0.creado_en,
        u1_0.email,
        u1_0.nombre,
        u1_0.password_hash,
        u1_0.rol 
    from
        public.usuarios u1_0 
    where
        u1_0.email=?
]]></system-out>
  </testcase>
  <testcase name="registroEmailDuplicado" classname="com.sbvia.backend.controller.AuthControllerTest" time="0.373">
    <system-out><![CDATA[Hibernate: 
    select
        u1_0.id,
        u1_0.activo,
        u1_0.actualizado_en,
        u1_0.apellido,
        u1_0.creado_en,
        u1_0.email,
        u1_0.nombre,
        u1_0.password_hash,
        u1_0.rol 
    from
        public.usuarios u1_0
Hibernate: 
    insert 
    into
        public.usuarios
        (activo, actualizado_en, apellido, creado_en, email, nombre, password_hash, rol, id) 
    values
        (?, ?, ?, ?, ?, ?, ?, ?, default)
Hibernate: 
    select
        u1_0.id 
    from
        public.usuarios u1_0 
    where
        u1_0.email=? 
    fetch
        first ? rows only
]]></system-out>
  </testcase>
  <testcase name="accesoConTokenValido" classname="com.sbvia.backend.controller.AuthControllerTest" time="1.104">
    <system-out><![CDATA[Hibernate: 
    select
        u1_0.id,
        u1_0.activo,
        u1_0.actualizado_en,
        u1_0.apellido,
        u1_0.creado_en,
        u1_0.email,
        u1_0.nombre,
        u1_0.password_hash,
        u1_0.rol 
    from
        public.usuarios u1_0
Hibernate: 
    insert 
    into
        public.usuarios
        (activo, actualizado_en, apellido, creado_en, email, nombre, password_hash, rol, id) 
    values
        (?, ?, ?, ?, ?, ?, ?, ?, default)
Hibernate: 
    select
        u1_0.id,
        u1_0.activo,
        u1_0.actualizado_en,
        u1_0.apellido,
        u1_0.creado_en,
        u1_0.email,
        u1_0.nombre,
        u1_0.password_hash,
        u1_0.rol 
    from
        public.usuarios u1_0 
    where
        u1_0.email=?
Hibernate: 
    select
        u1_0.id,
        u1_0.activo,
        u1_0.actualizado_en,
        u1_0.apellido,
        u1_0.creado_en,
        u1_0.email,
        u1_0.nombre,
        u1_0.password_hash,
        u1_0.rol 
    from
        public.usuarios u1_0 
    where
        u1_0.email=?
Hibernate: 
    select
        u1_0.id,
        u1_0.activo,
        u1_0.actualizado_en,
        u1_0.apellido,
        u1_0.creado_en,
        u1_0.email,
        u1_0.nombre,
        u1_0.password_hash,
        u1_0.rol 
    from
        public.usuarios u1_0 
    where
        u1_0.email=?
Hibernate: 
    select
        u1_0.id,
        u1_0.activo,
        u1_0.actualizado_en,
        u1_0.apellido,
        u1_0.creado_en,
        u1_0.email,
        u1_0.nombre,
        u1_0.password_hash,
        u1_0.rol 
    from
        public.usuarios u1_0 
    where
        u1_0.email=?
]]></system-out>
  </testcase>
</testsuite>